nohup: ignoring input
C:\Users\abcab\Desktop\web\lsmc.py:289: UserWarning: Glyph 47344 (\N{HANGUL SYLLABLE RUL}) missing from font(s) DejaVu Sans.
  plt.tight_layout()
C:\Users\abcab\Desktop\web\lsmc.py:289: UserWarning: Glyph 54924 (\N{HANGUL SYLLABLE HOE}) missing from font(s) DejaVu Sans.
  plt.tight_layout()
C:\Users\abcab\Desktop\web\lsmc.py:289: UserWarning: Glyph 49688 (\N{HANGUL SYLLABLE SU}) missing from font(s) DejaVu Sans.
  plt.tight_layout()
C:\Users\abcab\Desktop\web\lsmc.py:289: UserWarning: Glyph 54252 (\N{HANGUL SYLLABLE PO}) missing from font(s) DejaVu Sans.
  plt.tight_layout()
C:\Users\abcab\Desktop\web\lsmc.py:289: UserWarning: Glyph 53944 (\N{HANGUL SYLLABLE TEU}) missing from font(s) DejaVu Sans.
  plt.tight_layout()
C:\Users\abcab\Desktop\web\lsmc.py:289: UserWarning: Glyph 54260 (\N{HANGUL SYLLABLE POL}) missing from font(s) DejaVu Sans.
  plt.tight_layout()
C:\Users\abcab\Desktop\web\lsmc.py:289: UserWarning: Glyph 47532 (\N{HANGUL SYLLABLE RI}) missing from font(s) DejaVu Sans.
  plt.tight_layout()
C:\Users\abcab\Desktop\web\lsmc.py:289: UserWarning: Glyph 50724 (\N{HANGUL SYLLABLE O}) missing from font(s) DejaVu Sans.
  plt.tight_layout()
C:\Users\abcab\Desktop\web\lsmc.py:289: UserWarning: Glyph 44050 (\N{HANGUL SYLLABLE GABS}) missing from font(s) DejaVu Sans.
  plt.tight_layout()
C:\Users\abcab\Desktop\web\lsmc.py:289: UserWarning: Glyph 45572 (\N{HANGUL SYLLABLE NU}) missing from font(s) DejaVu Sans.
  plt.tight_layout()
C:\Users\abcab\Desktop\web\lsmc.py:289: UserWarning: Glyph 51201 (\N{HANGUL SYLLABLE JEOG}) missing from font(s) DejaVu Sans.
  plt.tight_layout()
C:\Users\abcab\Desktop\web\lsmc.py:289: UserWarning: Glyph 51061 (\N{HANGUL SYLLABLE IG}) missing from font(s) DejaVu Sans.
  plt.tight_layout()
C:\Users\abcab\Desktop\web\lsmc.py:289: UserWarning: Glyph 47456 (\N{HANGUL SYLLABLE RYUL}) missing from font(s) DejaVu Sans.
  plt.tight_layout()
C:\Users\abcab\Desktop\web\lsmc.py:290: UserWarning: Glyph 54252 (\N{HANGUL SYLLABLE PO}) missing from font(s) DejaVu Sans.
  plt.savefig(os.path.join(OUTPUT_DIR, "누적수익률_그래프.png"), dpi=300)
C:\Users\abcab\Desktop\web\lsmc.py:290: UserWarning: Glyph 53944 (\N{HANGUL SYLLABLE TEU}) missing from font(s) DejaVu Sans.
  plt.savefig(os.path.join(OUTPUT_DIR, "누적수익률_그래프.png"), dpi=300)
C:\Users\abcab\Desktop\web\lsmc.py:290: UserWarning: Glyph 54260 (\N{HANGUL SYLLABLE POL}) missing from font(s) DejaVu Sans.
  plt.savefig(os.path.join(OUTPUT_DIR, "누적수익률_그래프.png"), dpi=300)
C:\Users\abcab\Desktop\web\lsmc.py:290: UserWarning: Glyph 47532 (\N{HANGUL SYLLABLE RI}) missing from font(s) DejaVu Sans.
  plt.savefig(os.path.join(OUTPUT_DIR, "누적수익률_그래프.png"), dpi=300)
C:\Users\abcab\Desktop\web\lsmc.py:290: UserWarning: Glyph 50724 (\N{HANGUL SYLLABLE O}) missing from font(s) DejaVu Sans.
  plt.savefig(os.path.join(OUTPUT_DIR, "누적수익률_그래프.png"), dpi=300)
C:\Users\abcab\Desktop\web\lsmc.py:290: UserWarning: Glyph 44050 (\N{HANGUL SYLLABLE GABS}) missing from font(s) DejaVu Sans.
  plt.savefig(os.path.join(OUTPUT_DIR, "누적수익률_그래프.png"), dpi=300)
C:\Users\abcab\Desktop\web\lsmc.py:290: UserWarning: Glyph 45572 (\N{HANGUL SYLLABLE NU}) missing from font(s) DejaVu Sans.
  plt.savefig(os.path.join(OUTPUT_DIR, "누적수익률_그래프.png"), dpi=300)
C:\Users\abcab\Desktop\web\lsmc.py:290: UserWarning: Glyph 51201 (\N{HANGUL SYLLABLE JEOG}) missing from font(s) DejaVu Sans.
  plt.savefig(os.path.join(OUTPUT_DIR, "누적수익률_그래프.png"), dpi=300)
C:\Users\abcab\Desktop\web\lsmc.py:290: UserWarning: Glyph 49688 (\N{HANGUL SYLLABLE SU}) missing from font(s) DejaVu Sans.
  plt.savefig(os.path.join(OUTPUT_DIR, "누적수익률_그래프.png"), dpi=300)
C:\Users\abcab\Desktop\web\lsmc.py:290: UserWarning: Glyph 51061 (\N{HANGUL SYLLABLE IG}) missing from font(s) DejaVu Sans.
  plt.savefig(os.path.join(OUTPUT_DIR, "누적수익률_그래프.png"), dpi=300)
C:\Users\abcab\Desktop\web\lsmc.py:290: UserWarning: Glyph 47456 (\N{HANGUL SYLLABLE RYUL}) missing from font(s) DejaVu Sans.
  plt.savefig(os.path.join(OUTPUT_DIR, "누적수익률_그래프.png"), dpi=300)
C:\Users\abcab\Desktop\web\lsmc.py:290: UserWarning: Glyph 47344 (\N{HANGUL SYLLABLE RUL}) missing from font(s) DejaVu Sans.
  plt.savefig(os.path.join(OUTPUT_DIR, "누적수익률_그래프.png"), dpi=300)
C:\Users\abcab\Desktop\web\lsmc.py:290: UserWarning: Glyph 54924 (\N{HANGUL SYLLABLE HOE}) missing from font(s) DejaVu Sans.
  plt.savefig(os.path.join(OUTPUT_DIR, "누적수익률_그래프.png"), dpi=300)
app_key: PSetQnJ2WlthmgzzRzQEixGMXTqnTsKBQHID
app_secret: xuSA1gyGHIsQ39f0LXqeFsDf6ahvanUG8CrrT/zPCK/mdtxArJFsSdwFlr/9J0SpgxyCyNdXq+4l0PT3ROundiIFKV3GPCQb8UYQkh6x6QzCyv4ii78tFLXHMq/BMYqMK5bsfdOAztnuxmpJ1yF3Ch8TnGTrqnmOwY8rAhFiaTVpJj8hRjQ=
액세스 토큰: eyJ0eXAiOiJKV1QiLCJhbGciOiJIUzUxMiJ9.eyJzdWIiOiJ0b2tlbiIsImF1ZCI6IjQ1NzBkNDM1LWY0MTMtNGI5Yi04MTFkLTk4Zjc1YTk5OGQzMSIsInByZHRfY2QiOiIiLCJpc3MiOiJ1bm9ndyIsImV4cCI6MTc1MzIzMTAyOSwiaWF0IjoxNzUzMTQ0NjI5LCJqdGkiOiJQU2V0UW5KMldsdGhtZ3p6UnpRRWl4R01YVHFuVHNLQlFISUQifQ.6Y-28Uz_TDgWY6kK5RyWlDSOvAowZnr48MqyUF55Y5tq1pmJ-a6-kDd6rXXkA_LHahcTAfJZsiJ96zAOl-2OlQ

buy_list.csv에서 매수 호불 불러오는 중...
[get_today_candidates] 불러온 호불 수: 1

[LOOP 1] 시작: 2025-07-22 15:07:19
종목 코드: 000660
[000660] 가격:268000 RR:2.79 Qty:37
추가 매수 요청 결과: {'rt_cd': '1', 'msg_cd': '40250000', 'msg1': '모의투자 주문가능금액이 부족합니다.'}
[Loop 1] 평가금액: 0

[LOOP 2] 시작: 2025-07-22 15:17:25
종목 코드: 000660
[000660] 가격:268500 RR:1.92 Qty:37
추가 매수 요청 결과: {'rt_cd': '1', 'msg_cd': '40250000', 'msg1': '모의투자 주문가능금액이 부족합니다.'}
[Loop 2] 평가금액: 0

[LOOP 3] 시작: 2025-07-22 15:27:32
종목 코드: 000660
[000660] 가격:268250 RR:2.06 Qty:37
추가 매수 요청 결과: {'rt_cd': '1', 'msg_cd': '40030000', 'msg1': '모의투자 주문처리가 안되었습니다(호가단위 오류)'}
[Loop 3] 평가금액: 0

[LOOP 4] 시작: 2025-07-22 15:37:38
종목 코드: 000660
[000660] 가격:268500 RR:1.90 Qty:37
추가 매수 요청 결과: {'rt_cd': '1', 'msg_cd': '40580000', 'msg1': '모의투자 장종료 입니다.'}
[Loop 4] 평가금액: 0

[LOOP 5] 시작: 2025-07-22 15:47:45
종목 코드: 000660
[000660] 가격:268500 RR:1.76 Qty:37
추가 매수 요청 결과: {'rt_cd': '1', 'msg_cd': '40580000', 'msg1': '모의투자 장종료 입니다.'}
[Loop 5] 평가금액: 0

[LOOP 6] 시작: 2025-07-22 15:57:51
종목 코드: 000660
[000660] 가격:268500 RR:2.91 Qty:37
추가 매수 요청 결과: {'rt_cd': '1', 'msg_cd': '40580000', 'msg1': '모의투자 장종료 입니다.'}
[Loop 6] 평가금액: 0

[LOOP 7] 시작: 2025-07-22 16:07:57
종목 코드: 000660
[000660] 가격:268500 RR:1.87 Qty:37
추가 매수 요청 결과: {'rt_cd': '1', 'msg_cd': '40580000', 'msg1': '모의투자 장종료 입니다.'}
[Loop 7] 평가금액: 0

[LOOP 8] 시작: 2025-07-22 16:18:04
종목 코드: 000660
[000660] 가격:268500 RR:1.88 Qty:37
추가 매수 요청 결과: {'rt_cd': '1', 'msg_cd': '40580000', 'msg1': '모의투자 장종료 입니다.'}
[Loop 8] 평가금액: 0

[LOOP 9] 시작: 2025-07-22 16:28:10
종목 코드: 000660
[000660] 가격:268500 RR:2.60 Qty:37
추가 매수 요청 결과: {'rt_cd': '1', 'msg_cd': '40580000', 'msg1': '모의투자 장종료 입니다.'}
[Loop 9] 평가금액: 0

[LOOP 10] 시작: 2025-07-22 16:38:16
종목 코드: 000660
[000660] 가격:268500 RR:1.53 Qty:37
추가 매수 요청 결과: {'rt_cd': '1', 'msg_cd': '40580000', 'msg1': '모의투자 장종료 입니다.'}
[Loop 10] 평가금액: 0

[LOOP 11] 시작: 2025-07-22 16:48:23
종목 코드: 000660
[000660] 가격:268500 RR:2.14 Qty:37
추가 매수 요청 결과: {'rt_cd': '1', 'msg_cd': '40580000', 'msg1': '모의투자 장종료 입니다.'}
[Loop 11] 평가금액: 0

[LOOP 12] 시작: 2025-07-24 12:32:45
종목 코드: 000660
누적 수익률 그래프 저장 완료 (rule_2_결과/누적수익률_그래프.png)
Traceback (most recent call last):
  File "C:\Users\abcab\Desktop\web\lsmc.py", line 212, in <module>
    print(f"\u274c 현재가 조회 실패: {stock_code}")
UnicodeEncodeError: 'cp949' codec can't encode character '\u274c' in position 0: illegal multibyte sequence
e sequence
